# JRE version: OpenJDK Runtime Environment (8.0_242-b01) (build 1.8.0_242-release-1644-b01)
# Java VM: OpenJDK 64-Bit Server VM (25.242-b01 mixed mode windows-amd64 compressed oops)
Heap:
 PSYoungGen      total 522752K, used 257368K [0x00000000d5580000, 0x00000000fb700000, 0x0000000100000000)
  eden space 476160K, 51% used [0x00000000d5580000,0x00000000e4657dd0,0x00000000f2680000)
  from space 46592K, 23% used [0x00000000f2680000,0x00000000f30fe5e0,0x00000000f5400000)
  to   space 45056K, 0% used [0x00000000f8b00000,0x00000000f8b00000,0x00000000fb700000)
 ParOldGen       total 159232K, used 58948K [0x0000000080000000, 0x0000000089b80000, 0x00000000d5580000)
  object space 159232K, 37% used [0x0000000080000000,0x0000000083991250,0x0000000089b80000)
 Metaspace       used 109598K, capacity 114710K, committed 114840K, reserved 1148928K
  class space    used 13907K, capacity 14923K, committed 15024K, reserved 1048576K
GC Heap History (10 events):
Event: 1048.429 GC heap before
{Heap before GC invocations=29 (full 4):
 PSYoungGen      total 424960K, used 389605K [0x00000000d5580000, 0x00000000f2a00000, 0x0000000100000000)
  eden space 371712K, 100% used [0x00000000d5580000,0x00000000ec080000,0x00000000ec080000)
  from space 53248K, 33% used [0x00000000ef280000,0x00000000f03f96a8,0x00000000f2680000)
  to   space 51200K, 0% used [0x00000000ec080000,0x00000000ec080000,0x00000000ef280000)
 ParOldGen       total 159232K, used 58940K [0x0000000080000000, 0x0000000089b80000, 0x00000000d5580000)
  object space 159232K, 37% used [0x0000000080000000,0x000000008398f250,0x0000000089b80000)
 Metaspace       used 107842K, capacity 112670K, committed 112792K, reserved 1146880K
  class space    used 13736K, capacity 14737K, committed 14768K, reserved 1048576K
Event: 1049.104 GC heap after
Heap after GC invocations=29 (full 4):
 PSYoungGen      total 422912K, used 15617K [0x00000000d5580000, 0x00000000f5c00000, 0x0000000100000000)
  eden space 371712K, 0% used [0x00000000d5580000,0x00000000d5580000,0x00000000ec080000)
  from space 51200K, 30% used [0x00000000ec080000,0x00000000ecfc0690,0x00000000ef280000)
  to   space 49664K, 0% used [0x00000000f2b80000,0x00000000f2b80000,0x00000000f5c00000)
 ParOldGen       total 159232K, used 58940K [0x0000000080000000, 0x0000000089b80000, 0x00000000d5580000)
  object space 159232K, 37% used [0x0000000080000000,0x000000008398f250,0x0000000089b80000)
 Metaspace       used 107842K, capacity 112670K, committed 112792K, reserved 1146880K
  class space    used 13736K, capacity 14737K, committed 14768K, reserved 1048576K
}
Event: 1104.809 GC heap before
{Heap before GC invocations=30 (full 4):
 PSYoungGen      total 422912K, used 387329K [0x00000000d5580000, 0x00000000f5c00000, 0x0000000100000000)
  eden space 371712K, 100% used [0x00000000d5580000,0x00000000ec080000,0x00000000ec080000)
  from space 51200K, 30% used [0x00000000ec080000,0x00000000ecfc0690,0x00000000ef280000)
  to   space 49664K, 0% used [0x00000000f2b80000,0x00000000f2b80000,0x00000000f5c00000)
 ParOldGen       total 159232K, used 58940K [0x0000000080000000, 0x0000000089b80000, 0x00000000d5580000)
  object space 159232K, 37% used [0x0000000080000000,0x000000008398f250,0x0000000089b80000)
 Metaspace       used 109072K, capacity 114064K, committed 114200K, reserved 1148928K
  class space    used 13868K, capacity 14874K, committed 14896K, reserved 1048576K
Event: 1104.846 GC heap after
Heap after GC invocations=30 (full 4):
 PSYoungGen      total 463872K, used 7304K [0x00000000d5580000, 0x00000000f5300000, 0x0000000100000000)
  eden space 423424K, 0% used [0x00000000d5580000,0x00000000d5580000,0x00000000ef300000)
  from space 40448K, 18% used [0x00000000f2b80000,0x00000000f32a20e0,0x00000000f5300000)
  to   space 49152K, 0% used [0x00000000ef300000,0x00000000ef300000,0x00000000f2300000)
 ParOldGen       total 159232K, used 58940K [0x0000000080000000, 0x0000000089b80000, 0x00000000d5580000)
  object space 159232K, 37% used [0x0000000080000000,0x000000008398f250,0x0000000089b80000)
 Metaspace       used 109072K, capacity 114064K, committed 114200K, reserved 1148928K
  class space    used 13868K, capacity 14874K, committed 14896K, reserved 1048576K
}
Event: 1124.169 GC heap before
{Heap before GC invocations=31 (full 4):
 PSYoungGen      total 463872K, used 430728K [0x00000000d5580000, 0x00000000f5300000, 0x0000000100000000)
  eden space 423424K, 100% used [0x00000000d5580000,0x00000000ef300000,0x00000000ef300000)
  from space 40448K, 18% used [0x00000000f2b80000,0x00000000f32a20e0,0x00000000f5300000)
  to   space 49152K, 0% used [0x00000000ef300000,0x00000000ef300000,0x00000000f2300000)
 ParOldGen       total 159232K, used 58940K [0x0000000080000000, 0x0000000089b80000, 0x00000000d5580000)
  object space 159232K, 37% used [0x0000000080000000,0x000000008398f250,0x0000000089b80000)
 Metaspace       used 109134K, capacity 114146K, committed 114200K, reserved 1148928K
  class space    used 13869K, capacity 14875K, committed 14896K, reserved 1048576K
Event: 1124.194 GC heap after
Heap after GC invocations=31 (full 4):
 PSYoungGen      total 472576K, used 6675K [0x00000000d5580000, 0x00000000f8380000, 0x0000000100000000)
  eden space 423424K, 0% used [0x00000000d5580000,0x00000000d5580000,0x00000000ef300000)
  from space 49152K, 13% used [0x00000000ef300000,0x00000000ef984c70,0x00000000f2300000)
  to   space 48640K, 0% used [0x00000000f5400000,0x00000000f5400000,0x00000000f8380000)
 ParOldGen       total 159232K, used 58948K [0x0000000080000000, 0x0000000089b80000, 0x00000000d5580000)
  object space 159232K, 37% used [0x0000000080000000,0x0000000083991250,0x0000000089b80000)
 Metaspace       used 109134K, capacity 114146K, committed 114200K, reserved 1148928K
  class space    used 13869K, capacity 14875K, committed 14896K, reserved 1048576K
}
Event: 1134.434 GC heap before
{Heap before GC invocations=32 (full 4):
 PSYoungGen      total 472576K, used 430099K [0x00000000d5580000, 0x00000000f8380000, 0x0000000100000000)
  eden space 423424K, 100% used [0x00000000d5580000,0x00000000ef300000,0x00000000ef300000)
  from space 49152K, 13% used [0x00000000ef300000,0x00000000ef984c70,0x00000000f2300000)
  to   space 48640K, 0% used [0x00000000f5400000,0x00000000f5400000,0x00000000f8380000)
 ParOldGen       total 159232K, used 58948K [0x0000000080000000, 0x0000000089b80000, 0x00000000d5580000)
  object space 159232K, 37% used [0x0000000080000000,0x0000000083991250,0x0000000089b80000)
 Metaspace       used 109193K, capacity 114246K, committed 114456K, reserved 1148928K
  class space    used 13870K, capacity 14877K, committed 14896K, reserved 1048576K
Event: 1134.802 GC heap after
Heap after GC invocations=32 (full 4):
 PSYoungGen      total 524800K, used 15705K [0x00000000d5580000, 0x00000000f8880000, 0x0000000100000000)
  eden space 476160K, 0% used [0x00000000d5580000,0x00000000d5580000,0x00000000f2680000)
  from space 48640K, 32% used [0x00000000f5400000,0x00000000f6356438,0x00000000f8380000)
  to   space 46592K, 0% used [0x00000000f2680000,0x00000000f2680000,0x00000000f5400000)
 ParOldGen       total 159232K, used 58948K [0x0000000080000000, 0x0000000089b80000, 0x00000000d5580000)
  object space 159232K, 37% used [0x0000000080000000,0x0000000083991250,0x0000000089b80000)
 Metaspace       used 109193K, capacity 114246K, committed 114456K, reserved 1148928K
  class space    used 13870K, capacity 14877K, committed 14896K, reserved 1048576K
}
Event: 1155.484 GC heap before
{Heap before GC invocations=33 (full 4):
 PSYoungGen      total 524800K, used 491865K [0x00000000d5580000, 0x00000000f8880000, 0x0000000100000000)
  eden space 476160K, 100% used [0x00000000d5580000,0x00000000f2680000,0x00000000f2680000)
  from space 48640K, 32% used [0x00000000f5400000,0x00000000f6356438,0x00000000f8380000)
  to   space 46592K, 0% used [0x00000000f2680000,0x00000000f2680000,0x00000000f5400000)
 ParOldGen       total 159232K, used 58948K [0x0000000080000000, 0x0000000089b80000, 0x00000000d5580000)
  object space 159232K, 37% used [0x0000000080000000,0x0000000083991250,0x0000000089b80000)
 Metaspace       used 109411K, capacity 114552K, committed 114840K, reserved 1148928K
  class space    used 13886K, capacity 14918K, committed 15024K, reserved 1048576K
Event: 1155.524 GC heap after
Heap after GC invocations=33 (full 4):
 PSYoungGen      total 522752K, used 10745K [0x00000000d5580000, 0x00000000fb700000, 0x0000000100000000)
  eden space 476160K, 0% used [0x00000000d5580000,0x00000000d5580000,0x00000000f2680000)
  from space 46592K, 23% used [0x00000000f2680000,0x00000000f30fe5e0,0x00000000f5400000)
  to   space 45056K, 0% used [0x00000000f8b00000,0x00000000f8b00000,0x00000000fb700000)
 ParOldGen       total 159232K, used 58948K [0x0000000080000000, 0x0000000089b80000, 0x00000000d5580000)
  object space 159232K, 37% used [0x0000000080000000,0x0000000083991250,0x0000000089b80000)
 Metaspace       used 109411K, capacity 114552K, committed 114840K, reserved 1148928K
  class space    used 13886K, capacity 14918K, committed 15024K, reserved 1048576K
}

